[2019-01-26 09:04:54]-[main- WARN]-[org.reflections.ReflectionUtils-forName(396)]? could not get type for name io.netty.channel.ChannelInboundHandlerAdapter from any class loader
org.reflections.ReflectionsException: could not get type for name io.netty.channel.ChannelInboundHandlerAdapter
	at org.reflections.ReflectionUtils.forName(ReflectionUtils.java:390)
	at org.reflections.Reflections.expandSuperTypes(Reflections.java:381)
	at org.reflections.Reflections.<init>(Reflections.java:126)
	at org.apache.kafka.connect.runtime.isolation.DelegatingClassLoader$InternalReflections.<init>(DelegatingClassLoader.java:404)
	at org.apache.kafka.connect.runtime.isolation.DelegatingClassLoader.scanPluginPath(DelegatingClassLoader.java:304)
	at org.apache.kafka.connect.runtime.isolation.DelegatingClassLoader.scanUrlsAndAddPlugins(DelegatingClassLoader.java:242)
	at org.apache.kafka.connect.runtime.isolation.DelegatingClassLoader.initPluginLoader(DelegatingClassLoader.java:190)
	at org.apache.kafka.connect.runtime.isolation.DelegatingClassLoader.initLoaders(DelegatingClassLoader.java:183)
	at org.apache.kafka.connect.runtime.isolation.Plugins.<init>(Plugins.java:61)
	at org.apache.kafka.connect.cli.ConnectStandalone.main(ConnectStandalone.java:77)
Caused by: java.lang.ClassNotFoundException: io.netty.channel.ChannelInboundHandlerAdapter
	at java.net.URLClassLoader.findClass(URLClassLoader.java:382)
	at java.lang.ClassLoader.loadClass(ClassLoader.java:424)
	at sun.misc.Launcher$AppClassLoader.loadClass(Launcher.java:349)
	at java.lang.ClassLoader.loadClass(ClassLoader.java:357)
	at org.reflections.ReflectionUtils.forName(ReflectionUtils.java:388)
	... 9 more
[2019-01-26 09:04:54]-[main- WARN]-[org.reflections.ReflectionUtils-forName(396)]? could not get type for name org.osgi.framework.BundleListener from any class loader
org.reflections.ReflectionsException: could not get type for name org.osgi.framework.BundleListener
	at org.reflections.ReflectionUtils.forName(ReflectionUtils.java:390)
	at org.reflections.Reflections.expandSuperTypes(Reflections.java:381)
	at org.reflections.Reflections.<init>(Reflections.java:126)
	at org.apache.kafka.connect.runtime.isolation.DelegatingClassLoader$InternalReflections.<init>(DelegatingClassLoader.java:404)
	at org.apache.kafka.connect.runtime.isolation.DelegatingClassLoader.scanPluginPath(DelegatingClassLoader.java:304)
	at org.apache.kafka.connect.runtime.isolation.DelegatingClassLoader.scanUrlsAndAddPlugins(DelegatingClassLoader.java:242)
	at org.apache.kafka.connect.runtime.isolation.DelegatingClassLoader.initPluginLoader(DelegatingClassLoader.java:190)
	at org.apache.kafka.connect.runtime.isolation.DelegatingClassLoader.initLoaders(DelegatingClassLoader.java:183)
	at org.apache.kafka.connect.runtime.isolation.Plugins.<init>(Plugins.java:61)
	at org.apache.kafka.connect.cli.ConnectStandalone.main(ConnectStandalone.java:77)
Caused by: java.lang.ClassNotFoundException: org.osgi.framework.BundleListener
	at java.net.URLClassLoader.findClass(URLClassLoader.java:382)
	at java.lang.ClassLoader.loadClass(ClassLoader.java:424)
	at sun.misc.Launcher$AppClassLoader.loadClass(Launcher.java:349)
	at java.lang.ClassLoader.loadClass(ClassLoader.java:357)
	at org.reflections.ReflectionUtils.forName(ReflectionUtils.java:388)
	... 9 more
[2019-01-26 09:04:55]-[main- WARN]-[org.reflections.ReflectionUtils-forName(396)]? could not get type for name javax.jms.MessageListener from any class loader
org.reflections.ReflectionsException: could not get type for name javax.jms.MessageListener
	at org.reflections.ReflectionUtils.forName(ReflectionUtils.java:390)
	at org.reflections.Reflections.expandSuperTypes(Reflections.java:381)
	at org.reflections.Reflections.<init>(Reflections.java:126)
	at org.apache.kafka.connect.runtime.isolation.DelegatingClassLoader$InternalReflections.<init>(DelegatingClassLoader.java:404)
	at org.apache.kafka.connect.runtime.isolation.DelegatingClassLoader.scanPluginPath(DelegatingClassLoader.java:304)
	at org.apache.kafka.connect.runtime.isolation.DelegatingClassLoader.scanUrlsAndAddPlugins(DelegatingClassLoader.java:242)
	at org.apache.kafka.connect.runtime.isolation.DelegatingClassLoader.initPluginLoader(DelegatingClassLoader.java:190)
	at org.apache.kafka.connect.runtime.isolation.DelegatingClassLoader.initLoaders(DelegatingClassLoader.java:183)
	at org.apache.kafka.connect.runtime.isolation.Plugins.<init>(Plugins.java:61)
	at org.apache.kafka.connect.cli.ConnectStandalone.main(ConnectStandalone.java:77)
Caused by: java.lang.ClassNotFoundException: javax.jms.MessageListener
	at java.net.URLClassLoader.findClass(URLClassLoader.java:382)
	at java.lang.ClassLoader.loadClass(ClassLoader.java:424)
	at sun.misc.Launcher$AppClassLoader.loadClass(Launcher.java:349)
	at java.lang.ClassLoader.loadClass(ClassLoader.java:357)
	at org.reflections.ReflectionUtils.forName(ReflectionUtils.java:388)
	... 9 more
[2019-01-26 09:04:55]-[main- WARN]-[org.reflections.ReflectionUtils-forName(396)]? could not get type for name com.google.gson.JsonDeserializer from any class loader
org.reflections.ReflectionsException: could not get type for name com.google.gson.JsonDeserializer
	at org.reflections.ReflectionUtils.forName(ReflectionUtils.java:390)
	at org.reflections.Reflections.expandSuperTypes(Reflections.java:381)
	at org.reflections.Reflections.<init>(Reflections.java:126)
	at org.apache.kafka.connect.runtime.isolation.DelegatingClassLoader$InternalReflections.<init>(DelegatingClassLoader.java:404)
	at org.apache.kafka.connect.runtime.isolation.DelegatingClassLoader.scanPluginPath(DelegatingClassLoader.java:304)
	at org.apache.kafka.connect.runtime.isolation.DelegatingClassLoader.scanUrlsAndAddPlugins(DelegatingClassLoader.java:242)
	at org.apache.kafka.connect.runtime.isolation.DelegatingClassLoader.initPluginLoader(DelegatingClassLoader.java:190)
	at org.apache.kafka.connect.runtime.isolation.DelegatingClassLoader.initLoaders(DelegatingClassLoader.java:183)
	at org.apache.kafka.connect.runtime.isolation.Plugins.<init>(Plugins.java:61)
	at org.apache.kafka.connect.cli.ConnectStandalone.main(ConnectStandalone.java:77)
Caused by: java.lang.ClassNotFoundException: com.google.gson.JsonDeserializer
	at java.net.URLClassLoader.findClass(URLClassLoader.java:382)
	at java.lang.ClassLoader.loadClass(ClassLoader.java:424)
	at sun.misc.Launcher$AppClassLoader.loadClass(Launcher.java:349)
	at java.lang.ClassLoader.loadClass(ClassLoader.java:357)
	at org.reflections.ReflectionUtils.forName(ReflectionUtils.java:388)
	... 9 more
[2019-01-26 09:04:55]-[main- WARN]-[org.reflections.ReflectionUtils-forName(396)]? could not get type for name org.eclipse.jetty.jmx.ObjectMBean from any class loader
org.reflections.ReflectionsException: could not get type for name org.eclipse.jetty.jmx.ObjectMBean
	at org.reflections.ReflectionUtils.forName(ReflectionUtils.java:390)
	at org.reflections.Reflections.expandSuperTypes(Reflections.java:381)
	at org.reflections.Reflections.<init>(Reflections.java:126)
	at org.apache.kafka.connect.runtime.isolation.DelegatingClassLoader$InternalReflections.<init>(DelegatingClassLoader.java:404)
	at org.apache.kafka.connect.runtime.isolation.DelegatingClassLoader.scanPluginPath(DelegatingClassLoader.java:304)
	at org.apache.kafka.connect.runtime.isolation.DelegatingClassLoader.scanUrlsAndAddPlugins(DelegatingClassLoader.java:242)
	at org.apache.kafka.connect.runtime.isolation.DelegatingClassLoader.initPluginLoader(DelegatingClassLoader.java:190)
	at org.apache.kafka.connect.runtime.isolation.DelegatingClassLoader.initLoaders(DelegatingClassLoader.java:183)
	at org.apache.kafka.connect.runtime.isolation.Plugins.<init>(Plugins.java:61)
	at org.apache.kafka.connect.cli.ConnectStandalone.main(ConnectStandalone.java:77)
Caused by: java.lang.ClassNotFoundException: org.eclipse.jetty.jmx.ObjectMBean
	at java.net.URLClassLoader.findClass(URLClassLoader.java:382)
	at java.lang.ClassLoader.loadClass(ClassLoader.java:424)
	at sun.misc.Launcher$AppClassLoader.loadClass(Launcher.java:349)
	at java.lang.ClassLoader.loadClass(ClassLoader.java:357)
	at org.reflections.ReflectionUtils.forName(ReflectionUtils.java:388)
	... 9 more
[2019-01-26 09:04:55]-[main- WARN]-[org.reflections.ReflectionUtils-forName(396)]? could not get type for name io.netty.channel.ChannelFutureListener from any class loader
org.reflections.ReflectionsException: could not get type for name io.netty.channel.ChannelFutureListener
	at org.reflections.ReflectionUtils.forName(ReflectionUtils.java:390)
	at org.reflections.Reflections.expandSuperTypes(Reflections.java:381)
	at org.reflections.Reflections.<init>(Reflections.java:126)
	at org.apache.kafka.connect.runtime.isolation.DelegatingClassLoader$InternalReflections.<init>(DelegatingClassLoader.java:404)
	at org.apache.kafka.connect.runtime.isolation.DelegatingClassLoader.scanPluginPath(DelegatingClassLoader.java:304)
	at org.apache.kafka.connect.runtime.isolation.DelegatingClassLoader.scanUrlsAndAddPlugins(DelegatingClassLoader.java:242)
	at org.apache.kafka.connect.runtime.isolation.DelegatingClassLoader.initPluginLoader(DelegatingClassLoader.java:190)
	at org.apache.kafka.connect.runtime.isolation.DelegatingClassLoader.initLoaders(DelegatingClassLoader.java:183)
	at org.apache.kafka.connect.runtime.isolation.Plugins.<init>(Plugins.java:61)
	at org.apache.kafka.connect.cli.ConnectStandalone.main(ConnectStandalone.java:77)
Caused by: java.lang.ClassNotFoundException: io.netty.channel.ChannelFutureListener
	at java.net.URLClassLoader.findClass(URLClassLoader.java:382)
	at java.lang.ClassLoader.loadClass(ClassLoader.java:424)
	at sun.misc.Launcher$AppClassLoader.loadClass(Launcher.java:349)
	at java.lang.ClassLoader.loadClass(ClassLoader.java:357)
	at org.reflections.ReflectionUtils.forName(ReflectionUtils.java:388)
	... 9 more
[2019-01-26 09:04:56]-[main- WARN]-[org.reflections.ReflectionUtils-forName(396)]? could not get type for name com.google.gson.JsonSerializer from any class loader
org.reflections.ReflectionsException: could not get type for name com.google.gson.JsonSerializer
	at org.reflections.ReflectionUtils.forName(ReflectionUtils.java:390)
	at org.reflections.Reflections.expandSuperTypes(Reflections.java:381)
	at org.reflections.Reflections.<init>(Reflections.java:126)
	at org.apache.kafka.connect.runtime.isolation.DelegatingClassLoader$InternalReflections.<init>(DelegatingClassLoader.java:404)
	at org.apache.kafka.connect.runtime.isolation.DelegatingClassLoader.scanPluginPath(DelegatingClassLoader.java:304)
	at org.apache.kafka.connect.runtime.isolation.DelegatingClassLoader.scanUrlsAndAddPlugins(DelegatingClassLoader.java:242)
	at org.apache.kafka.connect.runtime.isolation.DelegatingClassLoader.initPluginLoader(DelegatingClassLoader.java:190)
	at org.apache.kafka.connect.runtime.isolation.DelegatingClassLoader.initLoaders(DelegatingClassLoader.java:183)
	at org.apache.kafka.connect.runtime.isolation.Plugins.<init>(Plugins.java:61)
	at org.apache.kafka.connect.cli.ConnectStandalone.main(ConnectStandalone.java:77)
Caused by: java.lang.ClassNotFoundException: com.google.gson.JsonSerializer
	at java.net.URLClassLoader.findClass(URLClassLoader.java:382)
	at java.lang.ClassLoader.loadClass(ClassLoader.java:424)
	at sun.misc.Launcher$AppClassLoader.loadClass(Launcher.java:349)
	at java.lang.ClassLoader.loadClass(ClassLoader.java:357)
	at org.reflections.ReflectionUtils.forName(ReflectionUtils.java:388)
	... 9 more
[2019-01-26 09:04:56]-[main- WARN]-[org.reflections.ReflectionUtils-forName(396)]? could not get type for name org.osgi.framework.BundleActivator from any class loader
org.reflections.ReflectionsException: could not get type for name org.osgi.framework.BundleActivator
	at org.reflections.ReflectionUtils.forName(ReflectionUtils.java:390)
	at org.reflections.Reflections.expandSuperTypes(Reflections.java:381)
	at org.reflections.Reflections.<init>(Reflections.java:126)
	at org.apache.kafka.connect.runtime.isolation.DelegatingClassLoader$InternalReflections.<init>(DelegatingClassLoader.java:404)
	at org.apache.kafka.connect.runtime.isolation.DelegatingClassLoader.scanPluginPath(DelegatingClassLoader.java:304)
	at org.apache.kafka.connect.runtime.isolation.DelegatingClassLoader.scanUrlsAndAddPlugins(DelegatingClassLoader.java:242)
	at org.apache.kafka.connect.runtime.isolation.DelegatingClassLoader.initPluginLoader(DelegatingClassLoader.java:190)
	at org.apache.kafka.connect.runtime.isolation.DelegatingClassLoader.initLoaders(DelegatingClassLoader.java:183)
	at org.apache.kafka.connect.runtime.isolation.Plugins.<init>(Plugins.java:61)
	at org.apache.kafka.connect.cli.ConnectStandalone.main(ConnectStandalone.java:77)
Caused by: java.lang.ClassNotFoundException: org.osgi.framework.BundleActivator
	at java.net.URLClassLoader.findClass(URLClassLoader.java:382)
	at java.lang.ClassLoader.loadClass(ClassLoader.java:424)
	at sun.misc.Launcher$AppClassLoader.loadClass(Launcher.java:349)
	at java.lang.ClassLoader.loadClass(ClassLoader.java:357)
	at org.reflections.ReflectionUtils.forName(ReflectionUtils.java:388)
	... 9 more
[2019-01-26 09:04:56]-[main- WARN]-[org.reflections.ReflectionUtils-forName(396)]? could not get type for name io.netty.channel.SimpleChannelInboundHandler from any class loader
org.reflections.ReflectionsException: could not get type for name io.netty.channel.SimpleChannelInboundHandler
	at org.reflections.ReflectionUtils.forName(ReflectionUtils.java:390)
	at org.reflections.Reflections.expandSuperTypes(Reflections.java:381)
	at org.reflections.Reflections.<init>(Reflections.java:126)
	at org.apache.kafka.connect.runtime.isolation.DelegatingClassLoader$InternalReflections.<init>(DelegatingClassLoader.java:404)
	at org.apache.kafka.connect.runtime.isolation.DelegatingClassLoader.scanPluginPath(DelegatingClassLoader.java:304)
	at org.apache.kafka.connect.runtime.isolation.DelegatingClassLoader.scanUrlsAndAddPlugins(DelegatingClassLoader.java:242)
	at org.apache.kafka.connect.runtime.isolation.DelegatingClassLoader.initPluginLoader(DelegatingClassLoader.java:190)
	at org.apache.kafka.connect.runtime.isolation.DelegatingClassLoader.initLoaders(DelegatingClassLoader.java:183)
	at org.apache.kafka.connect.runtime.isolation.Plugins.<init>(Plugins.java:61)
	at org.apache.kafka.connect.cli.ConnectStandalone.main(ConnectStandalone.java:77)
Caused by: java.lang.ClassNotFoundException: io.netty.channel.SimpleChannelInboundHandler
	at java.net.URLClassLoader.findClass(URLClassLoader.java:382)
	at java.lang.ClassLoader.loadClass(ClassLoader.java:424)
	at sun.misc.Launcher$AppClassLoader.loadClass(Launcher.java:349)
	at java.lang.ClassLoader.loadClass(ClassLoader.java:357)
	at org.reflections.ReflectionUtils.forName(ReflectionUtils.java:388)
	... 9 more
[2019-01-26 09:04:56]-[main- WARN]-[org.reflections.ReflectionUtils-forName(396)]? could not get type for name javax.mail.Authenticator from any class loader
org.reflections.ReflectionsException: could not get type for name javax.mail.Authenticator
	at org.reflections.ReflectionUtils.forName(ReflectionUtils.java:390)
	at org.reflections.Reflections.expandSuperTypes(Reflections.java:381)
	at org.reflections.Reflections.<init>(Reflections.java:126)
	at org.apache.kafka.connect.runtime.isolation.DelegatingClassLoader$InternalReflections.<init>(DelegatingClassLoader.java:404)
	at org.apache.kafka.connect.runtime.isolation.DelegatingClassLoader.scanPluginPath(DelegatingClassLoader.java:304)
	at org.apache.kafka.connect.runtime.isolation.DelegatingClassLoader.scanUrlsAndAddPlugins(DelegatingClassLoader.java:242)
	at org.apache.kafka.connect.runtime.isolation.DelegatingClassLoader.initPluginLoader(DelegatingClassLoader.java:190)
	at org.apache.kafka.connect.runtime.isolation.DelegatingClassLoader.initLoaders(DelegatingClassLoader.java:183)
	at org.apache.kafka.connect.runtime.isolation.Plugins.<init>(Plugins.java:61)
	at org.apache.kafka.connect.cli.ConnectStandalone.main(ConnectStandalone.java:77)
Caused by: java.lang.ClassNotFoundException: javax.mail.Authenticator
	at java.net.URLClassLoader.findClass(URLClassLoader.java:382)
	at java.lang.ClassLoader.loadClass(ClassLoader.java:424)
	at sun.misc.Launcher$AppClassLoader.loadClass(Launcher.java:349)
	at java.lang.ClassLoader.loadClass(ClassLoader.java:357)
	at org.reflections.ReflectionUtils.forName(ReflectionUtils.java:388)
	... 9 more
[2019-01-26 09:04:56]-[main- WARN]-[org.reflections.ReflectionUtils-forName(396)]? could not get type for name org.osgi.framework.SynchronousBundleListener from any class loader
org.reflections.ReflectionsException: could not get type for name org.osgi.framework.SynchronousBundleListener
	at org.reflections.ReflectionUtils.forName(ReflectionUtils.java:390)
	at org.reflections.Reflections.expandSuperTypes(Reflections.java:381)
	at org.reflections.Reflections.<init>(Reflections.java:126)
	at org.apache.kafka.connect.runtime.isolation.DelegatingClassLoader$InternalReflections.<init>(DelegatingClassLoader.java:404)
	at org.apache.kafka.connect.runtime.isolation.DelegatingClassLoader.scanPluginPath(DelegatingClassLoader.java:304)
	at org.apache.kafka.connect.runtime.isolation.DelegatingClassLoader.scanUrlsAndAddPlugins(DelegatingClassLoader.java:242)
	at org.apache.kafka.connect.runtime.isolation.DelegatingClassLoader.initPluginLoader(DelegatingClassLoader.java:190)
	at org.apache.kafka.connect.runtime.isolation.DelegatingClassLoader.initLoaders(DelegatingClassLoader.java:183)
	at org.apache.kafka.connect.runtime.isolation.Plugins.<init>(Plugins.java:61)
	at org.apache.kafka.connect.cli.ConnectStandalone.main(ConnectStandalone.java:77)
Caused by: java.lang.ClassNotFoundException: org.osgi.framework.SynchronousBundleListener
	at java.net.URLClassLoader.findClass(URLClassLoader.java:382)
	at java.lang.ClassLoader.loadClass(ClassLoader.java:424)
	at sun.misc.Launcher$AppClassLoader.loadClass(Launcher.java:349)
	at java.lang.ClassLoader.loadClass(ClassLoader.java:357)
	at org.reflections.ReflectionUtils.forName(ReflectionUtils.java:388)
	... 9 more
[2019-01-26 09:04:56]-[main- WARN]-[org.reflections.ReflectionUtils-forName(396)]? could not get type for name io.netty.channel.ChannelInitializer from any class loader
org.reflections.ReflectionsException: could not get type for name io.netty.channel.ChannelInitializer
	at org.reflections.ReflectionUtils.forName(ReflectionUtils.java:390)
	at org.reflections.Reflections.expandSuperTypes(Reflections.java:381)
	at org.reflections.Reflections.<init>(Reflections.java:126)
	at org.apache.kafka.connect.runtime.isolation.DelegatingClassLoader$InternalReflections.<init>(DelegatingClassLoader.java:404)
	at org.apache.kafka.connect.runtime.isolation.DelegatingClassLoader.scanPluginPath(DelegatingClassLoader.java:304)
	at org.apache.kafka.connect.runtime.isolation.DelegatingClassLoader.scanUrlsAndAddPlugins(DelegatingClassLoader.java:242)
	at org.apache.kafka.connect.runtime.isolation.DelegatingClassLoader.initPluginLoader(DelegatingClassLoader.java:190)
	at org.apache.kafka.connect.runtime.isolation.DelegatingClassLoader.initLoaders(DelegatingClassLoader.java:183)
	at org.apache.kafka.connect.runtime.isolation.Plugins.<init>(Plugins.java:61)
	at org.apache.kafka.connect.cli.ConnectStandalone.main(ConnectStandalone.java:77)
Caused by: java.lang.ClassNotFoundException: io.netty.channel.ChannelInitializer
	at java.net.URLClassLoader.findClass(URLClassLoader.java:382)
	at java.lang.ClassLoader.loadClass(ClassLoader.java:424)
	at sun.misc.Launcher$AppClassLoader.loadClass(Launcher.java:349)
	at java.lang.ClassLoader.loadClass(ClassLoader.java:357)
	at org.reflections.ReflectionUtils.forName(ReflectionUtils.java:388)
	... 9 more
[2019-01-26 09:04:59]-[main- WARN]-[org.apache.kafka.common.config.AbstractConfig-logUnused(287)]? The configuration 'offset.flush.interval.ms' was supplied but isn't a known config.
[2019-01-26 09:04:59]-[main- WARN]-[org.apache.kafka.common.config.AbstractConfig-logUnused(287)]? The configuration 'key.converter.schemas.enable' was supplied but isn't a known config.
[2019-01-26 09:04:59]-[main- WARN]-[org.apache.kafka.common.config.AbstractConfig-logUnused(287)]? The configuration 'offset.storage.file.filename' was supplied but isn't a known config.
[2019-01-26 09:04:59]-[main- WARN]-[org.apache.kafka.common.config.AbstractConfig-logUnused(287)]? The configuration 'value.converter.schemas.enable' was supplied but isn't a known config.
[2019-01-26 09:05:00]-[main- WARN]-[org.apache.kafka.common.config.AbstractConfig-logUnused(287)]? The configuration 'value.converter' was supplied but isn't a known config.
[2019-01-26 09:05:00]-[main- WARN]-[org.apache.kafka.common.config.AbstractConfig-logUnused(287)]? The configuration 'key.converter' was supplied but isn't a known config.
[2019-01-26 09:05:05]-[main- WARN]-[com.eho.thor.connector.FmblSinkTask-<init>(59)]?  built the instance count [0]
[2019-01-26 09:05:05]-[main- WARN]-[com.eho.thor.connector.FmblSinkTask-<init>(59)]?  built the instance count [1]
